This file contains any messages produced by compilers while
running configure, to aid debugging if configure makes a mistake.

It was created by Apertium Italian-rgn configure 0.2.0, which was
generated by GNU Autoconf 2.69.  Invocation command line was

  $ ./configure --with-lang1=../apertium-ita --with-lang2=../apertium-rgn

## --------- ##
## Platform. ##
## --------- ##

hostname = DESKTOP-BKGS26J
uname -m = x86_64
uname -r = 4.4.0-17134-Microsoft
uname -s = Linux
uname -v = #648-Microsoft Tue Mar 05 18:57:00 PST 2019

/usr/bin/uname -p = unknown
/bin/uname -X     = unknown

/bin/arch              = unknown
/usr/bin/arch -k       = unknown
/usr/convex/getsysinfo = unknown
/usr/bin/hostinfo      = unknown
/bin/machine           = unknown
/usr/bin/oslevel       = unknown
/bin/universe          = unknown

PATH: /home/erba994/.local/bin
PATH: /mnt/d/loren/OneDrive\ -\ НИУ\ Высшая\ школа\ экономики/Documenti/Program/OOBOONTOO/Practical_5_NER/xrenner/inst
PATH: /mnt/d/loren/OneDrive\ -\ НИУ\ Высшая\ школа\ экономики/Documenti/Program/OOBOONTOO/GloVe-1.2/build
PATH: /mnt/d/loren/OneDrive\ -\ НИУ\ Высшая\ школа\ экономики/Documenti/Program/OOBOONTOO/Practical_3_Morph/hunpos/build
PATH: /mnt/d/loren/OneDrive\ -\ НИУ\ Высшая\ школа\ экономики/Documenti/Program/OOBOONTOO/Practical_3_Morph/udpipe/src
PATH: /usr/local/sbin
PATH: /usr/local/bin
PATH: /usr/sbin
PATH: /usr/bin
PATH: /sbin
PATH: /bin
PATH: /usr/games
PATH: /usr/local/games
PATH: /mnt/c/Program Files (x86)/Common Files/Oracle/Java/javapath_target_11233609
PATH: /mnt/c/Program Files (x86)/NVIDIA Corporation/PhysX/Common
PATH: /mnt/c/Windows/System32
PATH: /mnt/c/Windows
PATH: /mnt/c/Windows/System32/wbem
PATH: /mnt/c/Windows/System32/WindowsPowerShell/v1.0
PATH: /mnt/c/Windows/System32/OpenSSH
PATH: /mnt/c/Program Files/Intel/WiFi/bin
PATH: /mnt/c/Program Files/Common Files/Intel/WirelessCommon
PATH: /mnt/d/loren/Program Files/Git/cmd
PATH: /mnt/c/Program Files (x86)/Windows Kits/8.1/Windows Performance Toolkit
PATH: /mnt/c/Users/loren/AppData/Local/Programs/Python/Python37/Scripts
PATH: /mnt/c/Users/loren/AppData/Local/Programs/Python/Python37
PATH: /mnt/c/Users/loren/AppData/Local/Microsoft/WindowsApps
PATH: /mnt/d/loren/Program Files/texlive/2018/bin/win32
PATH: /mnt/c/Users/loren/AppData/Local/atom/bin
PATH: /mnt/c/Program Files/JetBrains/PyCharm 2019.1/bin
PATH: /snap/bin
PATH: /usr/local/bin


## ----------- ##
## Core tests. ##
## ----------- ##

configure:1846: checking for a BSD-compatible install
configure:1914: result: /usr/bin/install -c
configure:1925: checking whether build environment is sane
configure:1980: result: yes
configure:2131: checking for a thread-safe mkdir -p
configure:2170: result: /bin/mkdir -p
configure:2177: checking for gawk
configure:2193: found /usr/bin/gawk
configure:2204: result: gawk
configure:2215: checking whether make sets $(MAKE)
configure:2237: result: yes
configure:2266: checking whether make supports nested variables
configure:2283: result: yes
configure:2410: checking whether ln -s works
configure:2414: result: yes
configure:2425: checking for gawk
configure:2452: result: gawk
configure:2519: checking for pkg-config
configure:2537: found /usr/bin/pkg-config
configure:2549: result: /usr/bin/pkg-config
configure:2574: checking pkg-config is at least version 0.9.0
configure:2577: result: yes
configure:2587: checking for APERTIUM
configure:2594: $PKG_CONFIG --exists --print-errors "apertium >= 3.4.0"
configure:2597: $? = 0
configure:2611: $PKG_CONFIG --exists --print-errors "apertium >= 3.4.0"
configure:2614: $? = 0
configure:2832: result: yes
configure:2841: checking for cg-comp
configure:2859: found /usr/bin/cg-comp
configure:2872: result: /usr/bin/cg-comp
configure:2886: checking for cg-proc
configure:2904: found /usr/bin/cg-proc
configure:2917: result: /usr/bin/cg-proc
configure:2931: checking for lrx-comp
configure:2949: found /usr/bin/lrx-comp
configure:2962: result: /usr/bin/lrx-comp
configure:2976: checking for lrx-proc
configure:2994: found /usr/bin/lrx-proc
configure:3007: result: /usr/bin/lrx-proc
configure:3023: checking for gzcat
configure:3056: result: no
configure:3023: checking for zcat
configure:3041: found /bin/zcat
configure:3053: result: /bin/zcat
configure:3543: checking that generated files are newer than configure
configure:3549: result: done
configure:3557: creating ./config.status

## ---------------------- ##
## Running config.status. ##
## ---------------------- ##

This file was extended by Apertium Italian-rgn config.status 0.2.0, which was
generated by GNU Autoconf 2.69.  Invocation command line was

  CONFIG_FILES    = 
  CONFIG_HEADERS  = 
  CONFIG_LINKS    = 
  CONFIG_COMMANDS = 
  $ ./config.status 

on DESKTOP-BKGS26J

config.status:797: creating Makefile

## ---------------- ##
## Cache variables. ##
## ---------------- ##

ac_cv_env_APERTIUM_CFLAGS_set=
ac_cv_env_APERTIUM_CFLAGS_value=
ac_cv_env_APERTIUM_ITA_CFLAGS_set=
ac_cv_env_APERTIUM_ITA_CFLAGS_value=
ac_cv_env_APERTIUM_ITA_LIBS_set=
ac_cv_env_APERTIUM_ITA_LIBS_value=
ac_cv_env_APERTIUM_LIBS_set=
ac_cv_env_APERTIUM_LIBS_value=
ac_cv_env_APERTIUM_RGN_CFLAGS_set=
ac_cv_env_APERTIUM_RGN_CFLAGS_value=
ac_cv_env_APERTIUM_RGN_LIBS_set=
ac_cv_env_APERTIUM_RGN_LIBS_value=
ac_cv_env_AP_LIB1_set=
ac_cv_env_AP_LIB1_value=
ac_cv_env_AP_LIB2_set=
ac_cv_env_AP_LIB2_value=
ac_cv_env_AP_SRC1_set=
ac_cv_env_AP_SRC1_value=
ac_cv_env_AP_SRC2_set=
ac_cv_env_AP_SRC2_value=
ac_cv_env_AP_SUBDIRS_set=
ac_cv_env_AP_SUBDIRS_value=
ac_cv_env_PKG_CONFIG_LIBDIR_set=
ac_cv_env_PKG_CONFIG_LIBDIR_value=
ac_cv_env_PKG_CONFIG_PATH_set=set
ac_cv_env_PKG_CONFIG_PATH_value=:/usr/local/share/pkgconfig:/usr/local/lib/pkgconfig
ac_cv_env_PKG_CONFIG_set=
ac_cv_env_PKG_CONFIG_value=
ac_cv_env_build_alias_set=
ac_cv_env_build_alias_value=
ac_cv_env_host_alias_set=
ac_cv_env_host_alias_value=
ac_cv_env_target_alias_set=
ac_cv_env_target_alias_value=
ac_cv_path_CGCOMP=/usr/bin/cg-comp
ac_cv_path_CGPROC=/usr/bin/cg-proc
ac_cv_path_LRXCOMP=/usr/bin/lrx-comp
ac_cv_path_LRXPROC=/usr/bin/lrx-proc
ac_cv_path_ZCAT=/bin/zcat
ac_cv_path_ac_pt_PKG_CONFIG=/usr/bin/pkg-config
ac_cv_path_install='/usr/bin/install -c'
ac_cv_path_mkdir=/bin/mkdir
ac_cv_prog_AWK=gawk
ac_cv_prog_make_make_set=yes
am_cv_make_support_nested_variables=yes
pkg_cv_APERTIUM_CFLAGS='-I/usr/include/apertium-3.5 -I/usr/lib/x86_64-linux-gnu/apertium-3.5/include -I/usr/include/lttoolbox-3.5 -I/usr/lib/x86_64-linux-gnu/lttoolbox-3.5/include -I/usr/include/libxml2'
pkg_cv_APERTIUM_LIBS='-lapertium3 -llttoolbox3 -lxml2 -lpcre'

## ----------------- ##
## Output variables. ##
## ----------------- ##

ACLOCAL='${SHELL} "/mnt/d/loren/OneDrive - НИУ Высшая школа экономики/Documenti/Program/OOBOONTOO/GSoC/apertium-ita-rgn/missing" aclocal-1.15'
AMTAR='$${TAR-tar}'
AM_BACKSLASH='\'
AM_DEFAULT_V='$(AM_DEFAULT_VERBOSITY)'
AM_DEFAULT_VERBOSITY='1'
AM_V='$(V)'
APERTIUM_CFLAGS='-I/usr/include/apertium-3.5 -I/usr/lib/x86_64-linux-gnu/apertium-3.5/include -I/usr/include/lttoolbox-3.5 -I/usr/lib/x86_64-linux-gnu/lttoolbox-3.5/include -I/usr/include/libxml2'
APERTIUM_ITA_CFLAGS=''
APERTIUM_ITA_LIBS=''
APERTIUM_LIBS='-lapertium3 -llttoolbox3 -lxml2 -lpcre'
APERTIUM_RGN_CFLAGS=''
APERTIUM_RGN_LIBS=''
AP_LIB1='../apertium-ita'
AP_LIB2='../apertium-rgn'
AP_SRC1='../apertium-ita'
AP_SRC2='../apertium-rgn'
AP_SUBDIRS=' ../apertium-ita ../apertium-rgn'
AUTOCONF='${SHELL} "/mnt/d/loren/OneDrive - НИУ Высшая школа экономики/Documenti/Program/OOBOONTOO/GSoC/apertium-ita-rgn/missing" autoconf'
AUTOHEADER='${SHELL} "/mnt/d/loren/OneDrive - НИУ Высшая школа экономики/Documenti/Program/OOBOONTOO/GSoC/apertium-ita-rgn/missing" autoheader'
AUTOMAKE='${SHELL} "/mnt/d/loren/OneDrive - НИУ Высшая школа экономики/Documenti/Program/OOBOONTOO/GSoC/apertium-ita-rgn/missing" automake-1.15'
AWK='gawk'
CGCOMP='/usr/bin/cg-comp'
CGPROC='/usr/bin/cg-proc'
CYGPATH_W='echo'
DEFS='-DPACKAGE_NAME=\"Apertium\ Italian-rgn\" -DPACKAGE_TARNAME=\"apertium-ita-rgn\" -DPACKAGE_VERSION=\"0.2.0\" -DPACKAGE_STRING=\"Apertium\ Italian-rgn\ 0.2.0\" -DPACKAGE_BUGREPORT=\"ltosi@edu.hse.ru\" -DPACKAGE_URL=\"http://wiki.apertium.org/wiki/Apertium-ita-rgn\" -DPACKAGE=\"apertium-ita-rgn\" -DVERSION=\"0.2.0\"'
ECHO_C=''
ECHO_N='-n'
ECHO_T=''
INSTALL_DATA='${INSTALL} -m 644'
INSTALL_PROGRAM='${INSTALL}'
INSTALL_SCRIPT='${INSTALL}'
INSTALL_STRIP_PROGRAM='$(install_sh) -c -s'
LIBOBJS=''
LIBS=''
LN_S='ln -s'
LRXCOMP='/usr/bin/lrx-comp'
LRXPROC='/usr/bin/lrx-proc'
LTLIBOBJS=''
MAKEINFO='${SHELL} "/mnt/d/loren/OneDrive - НИУ Высшая школа экономики/Documenti/Program/OOBOONTOO/GSoC/apertium-ita-rgn/missing" makeinfo'
MKDIR_P='/bin/mkdir -p'
PACKAGE='apertium-ita-rgn'
PACKAGE_BUGREPORT='ltosi@edu.hse.ru'
PACKAGE_NAME='Apertium Italian-rgn'
PACKAGE_STRING='Apertium Italian-rgn 0.2.0'
PACKAGE_TARNAME='apertium-ita-rgn'
PACKAGE_URL='http://wiki.apertium.org/wiki/Apertium-ita-rgn'
PACKAGE_VERSION='0.2.0'
PATH_SEPARATOR=':'
PKG_CONFIG='/usr/bin/pkg-config'
PKG_CONFIG_LIBDIR=''
PKG_CONFIG_PATH=':/usr/local/share/pkgconfig:/usr/local/lib/pkgconfig'
SET_MAKE=''
SHELL='/bin/bash'
STRIP=''
VERSION='0.2.0'
ZCAT='/bin/zcat'
am__isrc=''
am__leading_dot='.'
am__tar='$${TAR-tar} chof - "$$tardir"'
am__untar='$${TAR-tar} xf -'
bindir='${exec_prefix}/bin'
build_alias=''
datadir='${datarootdir}'
datarootdir='${prefix}/share'
docdir='${datarootdir}/doc/${PACKAGE_TARNAME}'
dvidir='${docdir}'
exec_prefix='${prefix}'
host_alias=''
htmldir='${docdir}'
includedir='${prefix}/include'
infodir='${datarootdir}/info'
install_sh='${SHELL} '\''/mnt/d/loren/OneDrive - НИУ Высшая школа экономики/Documenti/Program/OOBOONTOO/GSoC/apertium-ita-rgn/install-sh'\'''
libdir='${exec_prefix}/lib'
libexecdir='${exec_prefix}/libexec'
localedir='${datarootdir}/locale'
localstatedir='${prefix}/var'
mandir='${datarootdir}/man'
mkdir_p='$(MKDIR_P)'
oldincludedir='/usr/include'
pdfdir='${docdir}'
prefix='/usr/local'
program_transform_name='s,x,x,'
psdir='${docdir}'
runstatedir='${localstatedir}/run'
sbindir='${exec_prefix}/sbin'
sharedstatedir='${prefix}/com'
sysconfdir='${prefix}/etc'
target_alias=''

## ------------------- ##
## File substitutions. ##
## ------------------- ##

ap_include='./ap_include.am'

## ----------- ##
## confdefs.h. ##
## ----------- ##

/* confdefs.h */
#define PACKAGE_NAME "Apertium Italian-rgn"
#define PACKAGE_TARNAME "apertium-ita-rgn"
#define PACKAGE_VERSION "0.2.0"
#define PACKAGE_STRING "Apertium Italian-rgn 0.2.0"
#define PACKAGE_BUGREPORT "ltosi@edu.hse.ru"
#define PACKAGE_URL "http://wiki.apertium.org/wiki/Apertium-ita-rgn"
#define PACKAGE "apertium-ita-rgn"
#define VERSION "0.2.0"

configure: exit 0
